d:\desktop\mfc\gobanggame-master\gobang_fivechess\debug\gobang_fivechess.pch
d:\desktop\mfc\gobanggame-master\gobang_fivechess\debug\vc143.pdb
d:\desktop\mfc\gobanggame-master\gobang_fivechess\debug\vc143.idb
d:\desktop\mfc\gobanggame-master\gobang_fivechess\debug\stdafx.obj
d:\desktop\mfc\gobanggame-master\gobang_fivechess\debug\gobang_fivechessdlg.obj
d:\desktop\mfc\gobanggame-master\gobang_fivechess\debug\gobang_fivechess.obj
d:\desktop\mfc\gobanggame-master\gobang_fivechess\debug\facefunc.obj
d:\desktop\mfc\gobanggame-master\gobang_fivechess\debug\dialogmore.obj
d:\desktop\mfc\gobanggame-master\gobang_fivechess\debug\chessdraw.obj
d:\desktop\mfc\gobanggame-master\gobang_fivechess\debug\chesscommon.obj
d:\desktop\mfc\gobanggame-master\gobang_fivechess\debug\chessai.obj
d:\desktop\mfc\gobanggame-master\gobang_fivechess\debug\chess.obj
d:\desktop\mfc\gobanggame-master\debug\gobang_fivechess.exe
d:\desktop\mfc\gobanggame-master\debug\gobang_fivechess.pdb
d:\desktop\mfc\gobanggame-master\gobang_fivechess\debug\gobang_fivechess.res
d:\desktop\mfc\gobanggame-master\gobang_fivechess\debug\gobang_fivechess.ilk
d:\desktop\mfc\gobanggame-master\gobang_fivechess\debug\gobang_fivechess.tlog\cl.command.1.tlog
d:\desktop\mfc\gobanggame-master\gobang_fivechess\debug\gobang_fivechess.tlog\cl.items.tlog
d:\desktop\mfc\gobanggame-master\gobang_fivechess\debug\gobang_fivechess.tlog\cl.read.1.tlog
d:\desktop\mfc\gobanggame-master\gobang_fivechess\debug\gobang_fivechess.tlog\cl.write.1.tlog
d:\desktop\mfc\gobanggame-master\gobang_fivechess\debug\gobang_fivechess.tlog\link.command.1.tlog
d:\desktop\mfc\gobanggame-master\gobang_fivechess\debug\gobang_fivechess.tlog\link.read.1.tlog
d:\desktop\mfc\gobanggame-master\gobang_fivechess\debug\gobang_fivechess.tlog\link.secondary.1.tlog
d:\desktop\mfc\gobanggame-master\gobang_fivechess\debug\gobang_fivechess.tlog\link.write.1.tlog
d:\desktop\mfc\gobanggame-master\gobang_fivechess\debug\gobang_fivechess.tlog\rc.command.1.tlog
d:\desktop\mfc\gobanggame-master\gobang_fivechess\debug\gobang_fivechess.tlog\rc.read.1.tlog
d:\desktop\mfc\gobanggame-master\gobang_fivechess\debug\gobang_fivechess.tlog\rc.write.1.tlog
