d:\desktop\gobanggame\gobang_fivechess\release\gobang_fivechess.pch
d:\desktop\gobanggame\gobang_fivechess\release\vc143.pdb
d:\desktop\gobanggame\gobang_fivechess\release\stdafx.obj
d:\desktop\gobanggame\gobang_fivechess\release\gobang_fivechessdlg.obj
d:\desktop\gobanggame\gobang_fivechess\release\gobang_fivechess.obj
d:\desktop\gobanggame\gobang_fivechess\release\facefunc.obj
d:\desktop\gobanggame\gobang_fivechess\release\dialogmore.obj
d:\desktop\gobanggame\gobang_fivechess\release\chessdraw.obj
d:\desktop\gobanggame\gobang_fivechess\release\chesscommon.obj
d:\desktop\gobanggame\gobang_fivechess\release\chessai.obj
d:\desktop\gobanggame\gobang_fivechess\release\chess.obj
d:\desktop\gobanggame-master\release\gobang_fivechess.exe
d:\desktop\gobanggame-master\release\gobang_fivechess.pdb
d:\desktop\gobanggame\release\gobang_fivechess.exe
d:\desktop\gobanggame\release\gobang_fivechess.pdb
d:\desktop\gobanggame-master\gobang_fivechess\release\gobang_fivechess.res
d:\desktop\gobanggame\gobang_fivechess\release\gobang_fivechess.res
d:\desktop\gobanggame\gobang_fivechess\release\gobang_fivechess.ipdb
d:\desktop\gobanggame\gobang_fivechess\release\gobang_fivechess.iobj
d:\desktop\gobanggame\gobang_fivechess\release\gobang_fivechess.tlog\cl.command.1.tlog
d:\desktop\gobanggame\gobang_fivechess\release\gobang_fivechess.tlog\cl.items.tlog
d:\desktop\gobanggame\gobang_fivechess\release\gobang_fivechess.tlog\cl.read.1.tlog
d:\desktop\gobanggame\gobang_fivechess\release\gobang_fivechess.tlog\cl.write.1.tlog
d:\desktop\gobanggame\gobang_fivechess\release\gobang_fivechess.tlog\link.command.1.tlog
d:\desktop\gobanggame\gobang_fivechess\release\gobang_fivechess.tlog\link.read.1.tlog
d:\desktop\gobanggame\gobang_fivechess\release\gobang_fivechess.tlog\link.secondary.1.tlog
d:\desktop\gobanggame\gobang_fivechess\release\gobang_fivechess.tlog\link.write.1.tlog
d:\desktop\gobanggame\gobang_fivechess\release\gobang_fivechess.tlog\rc.command.1.tlog
d:\desktop\gobanggame\gobang_fivechess\release\gobang_fivechess.tlog\rc.read.1.tlog
d:\desktop\gobanggame\gobang_fivechess\release\gobang_fivechess.tlog\rc.write.1.tlog
